{
  "0 debug pnpm:scope": {
    "selected": 1
  },
  "1 error pnpm": {
    "code": "ELIFECYCLE",
    "errno": "ENOENT",
    "syscall": "spawn",
    "file": "sh",
    "pkgid": "tjs-postfix@1.5.0",
    "stage": "watch",
    "script": "tsc -b -w",
    "pkgname": "tjs-postfix",
    "err": {
      "name": "pnpm",
      "message": "tjs-postfix@1.5.0 watch: `tsc -b -w`\nspawn ENOENT",
      "code": "ELIFECYCLE",
      "stack": "pnpm: tjs-postfix@1.5.0 watch: `tsc -b -w`\nspawn ENOENT\n    at ChildProcess.<anonymous> (/home/hxj/.fnm/node-versions/v16.13.1/installation/lib/node_modules/pnpm/dist/pnpm.cjs:91775:22)\n    at ChildProcess.emit (node:events:390:28)\n    at maybeClose (node:internal/child_process:1064:16)\n    at Process.ChildProcess._handle.onexit (node:internal/child_process:301:5)"
    }
  },
  "2 warn pnpm:global": " Local package.json exists, but node_modules missing, did you mean to install?"
}